Library/PramData/AndroidApplicationController/Cache/com.vr/gradle-project/launcher/build/intermediates/manifest_merge_blame_file/debug/manifest-merger-blame-debug-report.txt
1<?xml version="1.0" encoding="utf-8"?>
2<manifest xmlns:android="http://schemas.android.com/apk/res/android"
3    package="com.vr"
4    android:installLocation="preferExternal"
5    android:versionCode="1"
6    android:versionName="0.1" >
7
8    <uses-sdk
9        android:minSdkVersion="29"
9-->src\main\AndroidManifest.xml
10        android:targetSdkVersion="33" />
10-->src\main\AndroidManifest.xml
11
12    <supports-screens
12-->src\main\AndroidManifest.xml:4:3-163
13        android:anyDensity="true"
13-->src\main\AndroidManifest.xml:4:135-160
14        android:largeScreens="true"
14-->src\main\AndroidManifest.xml:4:78-105
15        android:normalScreens="true"
15-->src\main\AndroidManifest.xml:4:49-77
16        android:smallScreens="true"
16-->src\main\AndroidManifest.xml:4:21-48
17        android:xlargeScreens="true" />
17-->src\main\AndroidManifest.xml:4:106-134
18
19    <uses-permission android:name="android.permission.INTERNET" />
19-->[:unityLibrary] AndroidManifest.xml:11:5-67
19-->[:unityLibrary] AndroidManifest.xml:11:22-64
20
21    <uses-feature android:glEsVersion="0x00030000" />
21-->[:unityLibrary] AndroidManifest.xml:13:5-54
21-->[:unityLibrary] AndroidManifest.xml:13:19-51
22    <uses-feature
22-->[:unityLibrary] AndroidManifest.xml:14:5-16:36
23        android:name="android.hardware.vulkan.version"
23-->[:unityLibrary] AndroidManifest.xml:15:9-55
24        android:required="false" />
24-->[:unityLibrary] AndroidManifest.xml:16:9-33
25    <uses-feature
25-->[:unityLibrary] AndroidManifest.xml:17:5-19:36
26        android:name="android.hardware.sensor.accelerometer"
26-->[:unityLibrary] AndroidManifest.xml:18:9-61
27        android:required="false" />
27-->[:unityLibrary] AndroidManifest.xml:19:9-33
28    <uses-feature
28-->[:unityLibrary] AndroidManifest.xml:20:5-22:36
29        android:name="android.hardware.touchscreen"
29-->[:unityLibrary] AndroidManifest.xml:21:9-52
30        android:required="false" />
30-->[:unityLibrary] AndroidManifest.xml:22:9-33
31    <uses-feature
31-->[:unityLibrary] AndroidManifest.xml:23:5-25:36
32        android:name="android.hardware.touchscreen.multitouch"
32-->[:unityLibrary] AndroidManifest.xml:24:9-63
33        android:required="false" />
33-->[:unityLibrary] AndroidManifest.xml:25:9-33
34    <uses-feature
34-->[:unityLibrary] AndroidManifest.xml:26:5-28:36
35        android:name="android.hardware.touchscreen.multitouch.distinct"
35-->[:unityLibrary] AndroidManifest.xml:27:9-72
36        android:required="false" />
36-->[:unityLibrary] AndroidManifest.xml:28:9-33
37    <uses-feature
37-->[:unityLibrary] AndroidManifest.xml:29:5-32:31
38        android:name="android.hardware.vr.headtracking"
38-->[:unityLibrary] AndroidManifest.xml:30:9-56
39        android:required="true"
39-->[:unityLibrary] AndroidManifest.xml:31:9-32
40        android:version="1" />
40-->[:unityLibrary] AndroidManifest.xml:32:9-28
41
42    <application
42-->src\main\AndroidManifest.xml:3:3-83
43        android:debuggable="true"
44        android:extractNativeLibs="true"
44-->[:unityLibrary] AndroidManifest.xml:34:18-50
45        android:icon="@mipmap/app_icon"
45-->src\main\AndroidManifest.xml:3:49-80
46        android:label="@string/app_name" >
46-->src\main\AndroidManifest.xml:3:16-48
47        <meta-data
47-->[:unityLibrary] AndroidManifest.xml:35:9-37:33
48            android:name="unity.splash-mode"
48-->[:unityLibrary] AndroidManifest.xml:36:13-45
49            android:value="0" />
49-->[:unityLibrary] AndroidManifest.xml:37:13-30
50        <meta-data
50-->[:unityLibrary] AndroidManifest.xml:38:9-40:36
51            android:name="unity.splash-enable"
51-->[:unityLibrary] AndroidManifest.xml:39:13-47
52            android:value="True" />
52-->[:unityLibrary] AndroidManifest.xml:40:13-33
53        <meta-data
53-->[:unityLibrary] AndroidManifest.xml:41:9-43:36
54            android:name="unity.launch-fullscreen"
54-->[:unityLibrary] AndroidManifest.xml:42:13-51
55            android:value="True" />
55-->[:unityLibrary] AndroidManifest.xml:43:13-33
56        <meta-data
56-->[:unityLibrary] AndroidManifest.xml:44:9-46:37
57            android:name="unity.allow-resizable-window"
57-->[:unityLibrary] AndroidManifest.xml:45:13-56
58            android:value="False" />
58-->[:unityLibrary] AndroidManifest.xml:46:13-34
59        <meta-data
59-->[:unityLibrary] AndroidManifest.xml:47:9-49:50
60            android:name="notch.config"
60-->[:unityLibrary] AndroidManifest.xml:48:13-40
61            android:value="portrait|landscape" />
61-->[:unityLibrary] AndroidManifest.xml:49:13-47
62        <meta-data
62-->[:unityLibrary] AndroidManifest.xml:50:9-52:36
63            android:name="unity.auto-report-fully-drawn"
63-->[:unityLibrary] AndroidManifest.xml:51:13-57
64            android:value="true" />
64-->[:unityLibrary] AndroidManifest.xml:52:13-33
65
66        <activity
66-->[:unityLibrary] AndroidManifest.xml:54:9-80:20
67            android:name="com.unity3d.player.UnityPlayerActivity"
67-->[:unityLibrary] AndroidManifest.xml:55:13-66
68            android:configChanges="keyboard|keyboardHidden|navigation|orientation|screenLayout|screenSize|uiMode|density"
68-->[:unityLibrary] AndroidManifest.xml:56:13-122
69            android:exported="true"
69-->[:unityLibrary] AndroidManifest.xml:57:13-36
70            android:hardwareAccelerated="false"
70-->[:unityLibrary] AndroidManifest.xml:58:13-48
71            android:launchMode="singleTask"
71-->[:unityLibrary] AndroidManifest.xml:59:13-44
72            android:resizeableActivity="false"
72-->[:unityLibrary] AndroidManifest.xml:60:13-47
73            android:screenOrientation="landscape"
73-->[:unityLibrary] AndroidManifest.xml:61:13-50
74            android:theme="@android:style/Theme.Black.NoTitleBar.Fullscreen" >
74-->[:unityLibrary] AndroidManifest.xml:62:13-77
75            <intent-filter>
75-->[:unityLibrary] AndroidManifest.xml:63:13-69:29
76                <category android:name="android.intent.category.LAUNCHER" />
76-->[:unityLibrary] AndroidManifest.xml:64:17-77
76-->[:unityLibrary] AndroidManifest.xml:64:27-74
77
78                <action android:name="android.intent.action.MAIN" />
78-->[:unityLibrary] AndroidManifest.xml:66:17-69
78-->[:unityLibrary] AndroidManifest.xml:66:25-66
79
80                <category android:name="com.oculus.intent.category.VR" />
80-->[:unityLibrary] AndroidManifest.xml:68:17-74
80-->[:unityLibrary] AndroidManifest.xml:68:27-71
81            </intent-filter>
82
83            <meta-data
83-->[:unityLibrary] AndroidManifest.xml:71:13-73:40
84                android:name="unityplayer.UnityActivity"
84-->[:unityLibrary] AndroidManifest.xml:72:17-57
85                android:value="true" />
85-->[:unityLibrary] AndroidManifest.xml:73:17-37
86            <meta-data
86-->[:unityLibrary] AndroidManifest.xml:74:13-76:40
87                android:name="notch_support"
87-->[:unityLibrary] AndroidManifest.xml:75:17-45
88                android:value="true" />
88-->[:unityLibrary] AndroidManifest.xml:76:17-37
89            <meta-data
89-->[:unityLibrary] AndroidManifest.xml:77:13-79:40
90                android:name="com.oculus.vr.focusaware"
90-->[:unityLibrary] AndroidManifest.xml:78:17-56
91                android:value="true" />
91-->[:unityLibrary] AndroidManifest.xml:79:17-37
92        </activity>
93
94        <meta-data
94-->[:unityLibrary] AndroidManifest.xml:82:9-84:39
95            android:name="com.samsung.android.vr.application.mode"
95-->[:unityLibrary] AndroidManifest.xml:83:13-67
96            android:value="vr_only" />
96-->[:unityLibrary] AndroidManifest.xml:84:13-36
97        <meta-data
97-->[:unityLibrary] AndroidManifest.xml:85:9-87:37
98            android:name="com.unity.xr.oculus.LowOverheadMode"
98-->[:unityLibrary] AndroidManifest.xml:86:13-63
99            android:value="false" />
99-->[:unityLibrary] AndroidManifest.xml:87:13-34
100        <meta-data
100-->[:unityLibrary] AndroidManifest.xml:88:9-90:37
101            android:name="com.unity.xr.oculus.LateLatching"
101-->[:unityLibrary] AndroidManifest.xml:89:13-60
102            android:value="false" />
102-->[:unityLibrary] AndroidManifest.xml:90:13-34
103        <meta-data
103-->[:unityLibrary] AndroidManifest.xml:91:9-93:37
104            android:name="com.unity.xr.oculus.LateLatchingDebug"
104-->[:unityLibrary] AndroidManifest.xml:92:13-65
105            android:value="false" />
105-->[:unityLibrary] AndroidManifest.xml:93:13-34
106        <meta-data
106-->[:unityLibrary] AndroidManifest.xml:94:9-96:46
107            android:name="com.oculus.supportedDevices"
107-->[:unityLibrary] AndroidManifest.xml:95:13-55
108            android:value="quest2|cambria" />
108-->[:unityLibrary] AndroidManifest.xml:96:13-43
109    </application>
110
111</manifest>